{"/home/alex/apps/backend-drone-delivery/src/controllers/auth.controller.js": {"path":"/home/alex/apps/backend-drone-delivery/src/controllers/auth.controller.js","statementMap":{"0":{"start":{"line":5,"column":0},"end":{"line":5,"column":9}},"1":{"start":{"line":6,"column":18},"end":{"line":6,"column":38}},"2":{"start":{"line":9,"column":35},"end":{"line":9,"column":43}},"3":{"start":{"line":12,"column":4},"end":{"line":19,"column":5}},"4":{"start":{"line":14,"column":22},"end":{"line":14,"column":76}},"5":{"start":{"line":15,"column":8},"end":{"line":15,"column":40}},"6":{"start":{"line":18,"column":8},"end":{"line":18,"column":63}}},"fnMap":{"0":{"name":"auth","decl":{"start":{"line":8,"column":9},"end":{"line":8,"column":13}},"loc":{"start":{"line":8,"column":24},"end":{"line":20,"column":1}},"line":8}},"branchMap":{"0":{"loc":{"start":{"line":12,"column":4},"end":{"line":19,"column":5}},"type":"if","locations":[{"start":{"line":12,"column":4},"end":{"line":19,"column":5}},{"start":{"line":16,"column":11},"end":{"line":19,"column":5}}],"line":12},"1":{"loc":{"start":{"line":12,"column":8},"end":{"line":12,"column":54}},"type":"binary-expr","locations":[{"start":{"line":12,"column":8},"end":{"line":12,"column":28}},{"start":{"line":12,"column":32},"end":{"line":12,"column":54}}],"line":12}},"s":{"0":1,"1":1,"2":2,"3":2,"4":1,"5":1,"6":1},"f":{"0":2},"b":{"0":[1,1],"1":[2,1]},"_coverageSchema":"1a1c01bbd47fc00a2c39e90264f33305004495a9","hash":"ebe28df406d5228dd511e5f6b214bf03bfb096c2"}
,"/home/alex/apps/backend-drone-delivery/src/controllers/delivery.controller.js": {"path":"/home/alex/apps/backend-drone-delivery/src/controllers/delivery.controller.js","statementMap":{"0":{"start":{"line":5,"column":12},"end":{"line":5,"column":14}},"1":{"start":{"line":10,"column":4},"end":{"line":27,"column":5}},"2":{"start":{"line":12,"column":61},"end":{"line":12,"column":71}},"3":{"start":{"line":13,"column":25},"end":{"line":13,"column":100}},"4":{"start":{"line":14,"column":8},"end":{"line":14,"column":30}},"5":{"start":{"line":15,"column":22},"end":{"line":15,"column":76}},"6":{"start":{"line":16,"column":22},"end":{"line":16,"column":51}},"7":{"start":{"line":17,"column":22},"end":{"line":17,"column":78}},"8":{"start":{"line":18,"column":22},"end":{"line":18,"column":51}},"9":{"start":{"line":19,"column":26},"end":{"line":19,"column":39}},"10":{"start":{"line":20,"column":26},"end":{"line":20,"column":54}},"11":{"start":{"line":21,"column":8},"end":{"line":21,"column":152}},"12":{"start":{"line":25,"column":8},"end":{"line":25,"column":56}},"13":{"start":{"line":34,"column":4},"end":{"line":50,"column":5}},"14":{"start":{"line":36,"column":19},"end":{"line":36,"column":20}},"15":{"start":{"line":38,"column":8},"end":{"line":43,"column":9}},"16":{"start":{"line":38,"column":21},"end":{"line":38,"column":22}},"17":{"start":{"line":39,"column":26},"end":{"line":39,"column":33}},"18":{"start":{"line":40,"column":26},"end":{"line":40,"column":37}},"19":{"start":{"line":41,"column":12},"end":{"line":41,"column":40}},"20":{"start":{"line":45,"column":8},"end":{"line":45,"column":20}},"21":{"start":{"line":48,"column":8},"end":{"line":48,"column":29}}},"fnMap":{"0":{"name":"calcDelivery","decl":{"start":{"line":7,"column":15},"end":{"line":7,"column":27}},"loc":{"start":{"line":7,"column":38},"end":{"line":29,"column":1}},"line":7},"1":{"name":"moveCostSeconds","decl":{"start":{"line":32,"column":9},"end":{"line":32,"column":24}},"loc":{"start":{"line":32,"column":38},"end":{"line":51,"column":1}},"line":32}},"branchMap":{},"s":{"0":1,"1":2,"2":2,"3":2,"4":1,"5":1,"6":1,"7":1,"8":1,"9":1,"10":1,"11":1,"12":1,"13":3,"14":3,"15":3,"16":3,"17":3,"18":3,"19":3,"20":3,"21":0},"f":{"0":2,"1":3},"b":{},"_coverageSchema":"1a1c01bbd47fc00a2c39e90264f33305004495a9","hash":"0a11ca428e834ac1bbaa31b634ba6e676ec22024"}
}
