TN:
SF:src/controllers/auth.controller.js
FN:8,auth
FNF:1
FNH:1
FNDA:2,auth
DA:5,1
DA:6,1
DA:9,2
DA:12,2
DA:14,1
DA:15,1
DA:18,1
LF:7
LH:7
BRDA:12,0,0,1
BRDA:12,0,1,1
BRDA:12,1,0,2
BRDA:12,1,1,1
BRF:4
BRH:4
end_of_record
TN:
SF:src/controllers/delivery.controller.js
FN:7,calcDelivery
FN:32,moveCostSeconds
FNF:2
FNH:2
FNDA:2,calcDelivery
FNDA:3,moveCostSeconds
DA:5,1
DA:10,2
DA:12,2
DA:13,2
DA:14,1
DA:15,1
DA:16,1
DA:17,1
DA:18,1
DA:19,1
DA:20,1
DA:21,1
DA:25,1
DA:34,3
DA:36,3
DA:38,3
DA:39,3
DA:40,3
DA:41,3
DA:45,3
DA:48,0
LF:21
LH:20
BRF:0
BRH:0
end_of_record
